
ROM used:   4792 (29%)
            4792 (29%) including unused fragments

            2 Average locations per line
            10 Average locations per statement

RAM used:   330 (43%) at main() level
            376 (49%) worst case

Stack used: 4/31 worst case (4 in main + 0 for interrupts)

Lines Stmts  %   Files
----- ----- ---  -----
  175    76  16  main.c
  464     0   0  C:\Program Files (x86)\PICC\devices\18f4410.h
   37     0   0  C:\Program Files (x86)\PICC\drivers\stdio.h
  423     0   0  C:\Program Files (x86)\PICC\drivers\string.h
   32     0   0  C:\Program Files (x86)\PICC\drivers\stddef.h
   28     0   0  C:\Program Files (x86)\PICC\drivers\ctype.h
 1351   359  74  C:\Program Files (x86)\PICC\drivers\stdlib.h
   40     3   1  main.h
  204    44   9  weight.h
----- -----
 2754   482 Total

Page ROM  %  RAM   Vol Diff  Functions:
---- --- --- ---   --- ----  ----------
0    248   3  11             @MULFF
0     54   1   2             @ITOF
0     70   1   5             @DIV1616
0     34   0   5             @MUL1616
0     40   0   1             @delay_ms1
0      8   0   0             @PUTCHARI_BIU_1
0     68   1   1             @PUTCHAR_3_
0     28   0   0    70  0.8  setUp
0     22   0   0             @const361
0     34   0   2             @PSTRINGC_19200_31766_31767
0      8   0   0    18  0.6  weightINIT
0    102   1   5   360  5.4  readStrainGuage
0    148   2  13             @DIV3232
0     24   0   0             @const393
0     42   0   3             @PSTRINGCN_19200_31766_31767
0    270   3  12             @PRINTF_L32D_19200_31766_31767
0     72   1   6    25  1.3  getRaw
0    342   4   6   357  6.8  Check_Stability
0    254   3   0   327  6.5  Is_True_Weight
0   1154  12   4  2319  9.3  Is_Obj
0     36   0   0             @const406
0     20   0   0             @const407
0     18   0   0             @const412
0     10   0   0             @const414
0     14   0   0             @const415
0    122   1  10             @FLT
0     28   0   0             @const419
0     28   0   0             @const421
0     34   0   0             @const423
0    228   2   9             @PRINTF_LD_19200_31766_31767
0     32   0   0             @const426
0     68   1   5             @FTOSD
0    420   4  13             @PRINTF_L32D_19200_31766_31767FPFPF
0    708   7   0    50  1.3  MAIN
 Inline        0             @cinit1

Program metrics:
    Functions               8
    Statements              482
    Comments                831
    Volume (V)              4703
    Difficulty (D)          31.0
    Effort to implement (E) 145837
    Time to implement (T)   2 hours, 15 minutes
    Est Delivered Bugs (B)  1
    Cyclomatic Complexity   14
    Maintainability (MI)    67

 Segment     Used  Free
-----------  ----  ----
00000-00002     4  0  
00004-03FFE  4788  11592  



